<?xml version="1.0" encoding="utf-8"?><testsuites>
  <testsuite name="API IntegrationTest" package="./post_crud.yml" tests="7">
    <testcase classname="post_crud.yml" name="success-create-post" time="0.013355949">
      <system-out><![CDATA[
]]></system-out>
      <system-err><![CDATA[
]]></system-err>
    </testcase>
    <testcase classname="post_crud.yml" name="success-get-post" time="0.004713183">
      <system-out><![CDATA[
]]></system-out>
      <system-err><![CDATA[
]]></system-err>
    </testcase>
    <testcase classname="post_crud.yml" name="fail-not-found-single-post" time="0.004408326">
      <system-out><![CDATA[
]]></system-out>
      <system-err><![CDATA[
]]></system-err>
    </testcase>
    <testcase classname="post_crud.yml" name="bad-request-get-single-post" time="0.003112744">
      <system-out><![CDATA[
]]></system-out>
      <system-err><![CDATA[
]]></system-err>
    </testcase>
    <testcase classname="post_crud.yml" name="success-update-post" time="0.010318842">
      <system-out><![CDATA[
]]></system-out>
      <system-err><![CDATA[
]]></system-err>
    </testcase>
    <testcase classname="post_crud.yml" name="success-delete-post" time="0.009173898">
      <system-out><![CDATA[
]]></system-out>
      <system-err><![CDATA[
]]></system-err>
    </testcase>
    <testcase classname="post_crud.yml" name="success-not-found-single-post" time="0.009128753">
      <system-out><![CDATA[
]]></system-out>
      <system-err><![CDATA[
]]></system-err>
    </testcase>
  </testsuite>
</testsuites>